<?xml version="1.0" encoding="UTF-8"?>
<testsuite name="co.com.choucair.crearusuario.utest.runners.RunnerTags" tests="0" skipped="0" failures="0" errors="0" timestamp="1970-01-01T00:00:00" hostname="JUAN-PC" time="0.0">
  <properties/>
  <system-out><![CDATA[REGISTER BASE STEP LISTENER net.thucydides.core.steps.BaseStepListener@16b39fd0

1 Scenarios (?[33m1 undefined?[0m)
12 Steps (?[33m12 undefined?[0m)
0m0,786s


You can implement missing steps with the snippets below:

@Given("^user browsed to utest page to create a new utest user$")
public void userBrowsedToUtestPageToCreateANewUtestUser() {
    // Write code here that turns the phrase above into concrete actions
    throw new PendingException();
}


@When("^client provide information on the step (\\d+)$")
public void clientProvideInformationOnTheStep(int arg1, DataTable arg2) {
    // Write code here that turns the phrase above into concrete actions
    // For automatic transformation, change DataTable to one of
    // List<YourType>, List<List<E>>, List<Map<K,V>> or Map<K,V>.
    // E,K,V must be a scalar (String, Integer, Date, enum etc).
    // Field names for YourType must match the column names in 
    // your feature file (except for spaces and capitalization).
    throw new PendingException();
}

@When("^client clicks in button next location$")
public void clientClicksInButtonNextLocation() {
    // Write code here that turns the phrase above into concrete actions
    throw new PendingException();
}

@Then("^client goes to the step (\\d+)$")
public void clientGoesToTheStep(int arg1) {
    // Write code here that turns the phrase above into concrete actions
    throw new PendingException();
}

@When("^client provide information on step(\\d+)$")
public void clientProvideInformationOnStep(int arg1, DataTable arg2) {
    // Write code here that turns the phrase above into concrete actions
    // For automatic transformation, change DataTable to one of
    // List<YourType>, List<List<E>>, List<Map<K,V>> or Map<K,V>.
    // E,K,V must be a scalar (String, Integer, Date, enum etc).
    // Field names for YourType must match the column names in 
    // your feature file (except for spaces and capitalization).
    throw new PendingException();
}

@When("^client clicks on next devices button$")
public void clientClicksOnNextDevicesButton() {
    // Write code here that turns the phrase above into concrete actions
    throw new PendingException();
}

@Then("^client goes to step(\\d+)$")
public void clientGoesToStep(int arg1) {
    // Write code here that turns the phrase above into concrete actions
    throw new PendingException();
}

@When("^client provide information on step (\\d+)$")
public void clientProvideInformationOnStep(int arg1, DataTable arg2) {
    // Write code here that turns the phrase above into concrete actions
    // For automatic transformation, change DataTable to one of
    // List<YourType>, List<List<E>>, List<Map<K,V>> or Map<K,V>.
    // E,K,V must be a scalar (String, Integer, Date, enum etc).
    // Field names for YourType must match the column names in 
    // your feature file (except for spaces and capitalization).
    throw new PendingException();
}

@When("^client clicks on next last step$")
public void clientClicksOnNextLastStep() {
    // Write code here that turns the phrase above into concrete actions
    throw new PendingException();
}

@When("^cliente provide information on last step$")
public void clienteProvideInformationOnLastStep(DataTable arg1) {
    // Write code here that turns the phrase above into concrete actions
    // For automatic transformation, change DataTable to one of
    // List<YourType>, List<List<E>>, List<Map<K,V>> or Map<K,V>.
    // E,K,V must be a scalar (String, Integer, Date, enum etc).
    // Field names for YourType must match the column names in 
    // your feature file (except for spaces and capitalization).
    throw new PendingException();
}

@When("^client clicks on complete setup$")
public void clientClicksOnCompleteSetup() {
    // Write code here that turns the phrase above into concrete actions
    throw new PendingException();
}

@Then("^client created utest user$")
public void clientCreatedUtestUser() {
    // Write code here that turns the phrase above into concrete actions
    throw new PendingException();
}

]]></system-out>
  <system-err><![CDATA[[Test worker] INFO net.thucydides.core.steps.ConsoleLoggingListener - 

-------------------------------------------------------------------------------------
     _______. _______ .______       _______ .__   __.  __  .___________.____    ____ 
    /       ||   ____||   _  \     |   ____||  \ |  | |  | |           |\   \  /   / 
   |   (----`|  |__   |  |_)  |    |  |__   |   \|  | |  | `---|  |----` \   \/   /  
    \   \    |   __|  |      /     |   __|  |  . `  | |  |     |  |       \_    _/   
.----)   |   |  |____ |  |\  \----.|  |____ |  |\   | |  |     |  |         |  |     
|_______/    |_______|| _| `._____||_______||__| \__| |__|     |__|         |__|    
                                                                                     
 News and tutorials at http://www.serenity-bdd.info                                  
 Documentation at https://wakaleo.gitbooks.io/the-serenity-book/content/             
 Join the Serenity Community on Rocket Chat at https://serenity-bdd.rocket.chat      
 Serenity BDD Support and Training at http://serenity-bdd.info/#/trainingandsupport  
 Learn Serenity BDD online at http://serenity-dojo.com                               
-------------------------------------------------------------------------------------

[Test worker] INFO net.thucydides.core.steps.ConsoleLoggingListener - Test Suite Started: Client want to create an user in the Utest Page
[Test worker] WARN net.thucydides.core.steps.BaseStepListener - testStarted: Create new user on Utest page/client-want-to-create-an-user-in-the-utest-page;create-new-user-on-utest-page
[Test worker] INFO net.thucydides.core.steps.ConsoleLoggingListener - 
 _____ _____ ____ _____   ____ _____  _    ____ _____ _____ ____  
|_   _| ____/ ___|_   _| / ___|_   _|/ \  |  _ \_   _| ____|  _ \ 
  | | |  _| \___ \ | |   \___ \ | | / _ \ | |_) || | |  _| | | | |
  | | | |___ ___) || |    ___) || |/ ___ \|  _ < | | | |___| |_| |
  |_| |_____|____/ |_|   |____/ |_/_/   \_\_| \_\|_| |_____|____/ 
                                                                  

TEST STARTED: Create new user on Utest page
-------------------------------------------------------------------(client-want-to-create-an-user-in-the-utest-page;create-new-user-on-utest-page)
[pool-2-thread-1] INFO net.thucydides.core.requirements.PackageRequirementsTagProvider - Loading requirements from package requirements at: net.thucydides.showcase.cucumber.junit
]]></system-err>
</testsuite>
